<?xml version="1.0" encoding="UTF-8"?>
<!-- Generated by org.testng.reporters.JUnitReportReporter -->
<testsuite hostname="DESKTOP-D3Q0H43" failures="0" tests="1" name="qaclickacademy.Mavenjava.AppTest" time="0.008" errors="0" timestamp="2020-07-11T22:37:32 IST" skipped="0">
  <testcase classname="qaclickacademy.Mavenjava.AppTest" name="shouldAnswerWithTrue" time="0.008"/>
  <system-out/>
</testsuite> <!-- qaclickacademy.Mavenjava.AppTest -->
